<?xml version="1.0" encoding="UTF-8"?>
<!-- Generated by org.testng.reporters.JUnitReportReporter -->
<testsuite hostname="LAPTOP-4V1GS4F9" failures="0" tests="1" name="reqres.SerializationDeserializtion.DeserializationTest" time="0.830" errors="0" timestamp="2023-03-29T09:24:13 IST" skipped="0">
  <testcase classname="reqres.SerializationDeserializtion.DeserializationTest" name="deserialization" time="0.830"/>
  <system-out/>
</testsuite> <!-- reqres.SerializationDeserializtion.DeserializationTest -->
